<?xml version="1.0" encoding="UTF-8"?>
<!-- Generated by org.testng.reporters.JUnitXMLReporter -->
<testsuite ignored="0" hostname="AliAzferFamily" failures="0" tests="4" name="Test" time="46.564" errors="0" timestamp="2025-08-09T12:06:18 IST">
  <testcase classname="com.test.MultiTest" name="SelectDropDown" time="1.128"/>
  <testcase classname="com.test.MultiTest" name="AdvanceDropDown" time="3.412"/>
  <testcase classname="com.test.MultiFile" name="SelectDropDown" time="12.886"/>
  <testcase classname="com.test.MultiFile" name="AdvanceDropDown" time="15.285"/>
</testsuite> <!-- Test -->
