<?xml version="1.0" encoding="UTF-8"?>
<testng-results ignored="0" total="2" passed="2" failed="0" skipped="0">
  <reporter-output>
  </reporter-output>
  <suite started-at="2025-08-05T23:12:36 IST" name="Default suite" finished-at="2025-08-05T23:13:05 IST" duration-ms="29393">
    <groups>
    </groups>
    <test started-at="2025-08-05T23:12:36 IST" name="Default test" finished-at="2025-08-05T23:13:05 IST" duration-ms="29393">
      <class name="com.test.MultiFile">
        <test-method signature="SelectDropDown()[pri:1, instance:com.test.MultiFile@313ac989]" started-at="2025-08-05T23:12:36 IST" name="SelectDropDown" finished-at="2025-08-05T23:12:49 IST" duration-ms="13401" status="PASS">
          <reporter-output>
          </reporter-output>
        </test-method> <!-- SelectDropDown -->
        <test-method signature="AdvanceDropDown()[pri:2, instance:com.test.MultiFile@313ac989]" started-at="2025-08-05T23:12:49 IST" name="AdvanceDropDown" finished-at="2025-08-05T23:13:05 IST" duration-ms="15915" status="PASS">
          <reporter-output>
          </reporter-output>
        </test-method> <!-- AdvanceDropDown -->
      </class> <!-- com.test.MultiFile -->
    </test> <!-- Default test -->
  </suite> <!-- Default suite -->
</testng-results>
